  [1m[35m (226.8ms)[0m  [1m[35mCREATE DATABASE "three_cats_development" ENCODING = 'unicode'[0m
  [1m[35m (176.6ms)[0m  [1m[35mCREATE DATABASE "three_cats_test" ENCODING = 'unicode'[0m
  [1m[35m (35.0ms)[0m  [1m[35mCREATE TABLE "schema_migrations" ("version" character varying NOT NULL PRIMARY KEY)[0m
  [1m[35m (3.0ms)[0m  [1m[35mCREATE TABLE "ar_internal_metadata" ("key" character varying NOT NULL PRIMARY KEY, "value" character varying, "created_at" timestamp(6) NOT NULL, "updated_at" timestamp(6) NOT NULL)[0m
  [1m[35m (0.6ms)[0m  [1m[34mSELECT pg_try_advisory_lock(4300533366467334570)[0m
  [1m[36mActiveRecord::SchemaMigration Pluck (0.8ms)[0m  [1m[34mSELECT "schema_migrations"."version" FROM "schema_migrations" ORDER BY "schema_migrations"."version" ASC[0m
Migrating to CreateCats (20221113163559)
  [1m[36mTRANSACTION (0.2ms)[0m  [1m[35mBEGIN[0m
  [1m[35m (5.0ms)[0m  [1m[35mCREATE TABLE "cats" ("id" bigserial primary key, "name" character varying NOT NULL, "color" character varying NOT NULL, "sex" character varying(1) NOT NULL, "birth_date" date NOT NULL, "description" text, "created_at" timestamp(6) NOT NULL, "updated_at" timestamp(6) NOT NULL)[0m
  [1m[36mActiveRecord::SchemaMigration Create (0.5ms)[0m  [1m[32mINSERT INTO "schema_migrations" ("version") VALUES ($1) RETURNING "version"[0m  [["version", "20221113163559"]]
  [1m[36mTRANSACTION (0.4ms)[0m  [1m[35mCOMMIT[0m
  [1m[36mActiveRecord::InternalMetadata Load (0.5ms)[0m  [1m[34mSELECT "ar_internal_metadata".* FROM "ar_internal_metadata" WHERE "ar_internal_metadata"."key" = $1 LIMIT $2[0m  [["key", "environment"], ["LIMIT", 1]]
  [1m[36mTRANSACTION (0.1ms)[0m  [1m[35mBEGIN[0m
  [1m[36mActiveRecord::InternalMetadata Create (1.7ms)[0m  [1m[32mINSERT INTO "ar_internal_metadata" ("key", "value", "created_at", "updated_at") VALUES ($1, $2, $3, $4) RETURNING "key"[0m  [["key", "environment"], ["value", "development"], ["created_at", "2022-11-13 16:37:42.384221"], ["updated_at", "2022-11-13 16:37:42.384221"]]
  [1m[36mTRANSACTION (1.7ms)[0m  [1m[35mCOMMIT[0m
  [1m[35m (0.3ms)[0m  [1m[34mSELECT pg_advisory_unlock(4300533366467334570)[0m
  [1m[36mActiveRecord::SchemaMigration Pluck (0.8ms)[0m  [1m[34mSELECT "schema_migrations"."version" FROM "schema_migrations" ORDER BY "schema_migrations"."version" ASC[0m
  [1m[36mActiveRecord::SchemaMigration Pluck (0.4ms)[0m  [1m[34mSELECT "schema_migrations"."version" FROM "schema_migrations" ORDER BY "schema_migrations"."version" ASC[0m
  [1m[36mTRANSACTION (0.2ms)[0m  [1m[35mBEGIN[0m
  [1m[36mCat Create (3.2ms)[0m  [1m[32mINSERT INTO "cats" ("name", "color", "sex", "birth_date", "description", "created_at", "updated_at") VALUES ($1, $2, $3, $4, $5, $6, $7) RETURNING "id"[0m  [["name", "D"], ["color", "black"], ["sex", "f"], ["birth_date", "2040-01-01"], ["description", "beach cat"], ["created_at", "2022-11-13 16:57:27.546752"], ["updated_at", "2022-11-13 16:57:27.546752"]]
  [1m[36mTRANSACTION (0.7ms)[0m  [1m[35mCOMMIT[0m
  [1m[36mTRANSACTION (1.7ms)[0m  [1m[35mBEGIN[0m
  [1m[36mCat Create (0.7ms)[0m  [1m[32mINSERT INTO "cats" ("name", "color", "sex", "birth_date", "description", "created_at", "updated_at") VALUES ($1, $2, $3, $4, $5, $6, $7) RETURNING "id"[0m  [["name", "D"], ["color", "black"], ["sex", "f"], ["birth_date", "2000-01-01"], ["description", "beach cat"], ["created_at", "2022-11-13 16:58:32.399249"], ["updated_at", "2022-11-13 16:58:32.399249"]]
  [1m[36mTRANSACTION (1.0ms)[0m  [1m[35mCOMMIT[0m
  [1m[36mActiveRecord::SchemaMigration Pluck (0.7ms)[0m  [1m[34mSELECT "schema_migrations"."version" FROM "schema_migrations" ORDER BY "schema_migrations"."version" ASC[0m
  [1m[36mTRANSACTION (0.1ms)[0m  [1m[35mBEGIN[0m
  [1m[36mCat Create (0.6ms)[0m  [1m[32mINSERT INTO "cats" ("name", "color", "sex", "birth_date", "description", "created_at", "updated_at") VALUES ($1, $2, $3, $4, $5, $6, $7) RETURNING "id"[0m  [["name", "tortuga"], ["color", "tortoise"], ["sex", "m"], ["birth_date", "2020-01-01"], ["description", "cat found on the beach"], ["created_at", "2022-11-13 17:13:36.635371"], ["updated_at", "2022-11-13 17:13:36.635371"]]
  [1m[36mTRANSACTION (0.4ms)[0m  [1m[35mCOMMIT[0m
  [1m[36mTRANSACTION (0.1ms)[0m  [1m[35mBEGIN[0m
  [1m[36mCat Create (0.2ms)[0m  [1m[32mINSERT INTO "cats" ("name", "color", "sex", "birth_date", "description", "created_at", "updated_at") VALUES ($1, $2, $3, $4, $5, $6, $7) RETURNING "id"[0m  [["name", "red"], ["color", "orange"], ["sex", "F"], ["birth_date", "2020-01-01"], ["description", "smelly cat"], ["created_at", "2022-11-13 17:13:36.641366"], ["updated_at", "2022-11-13 17:13:36.641366"]]
  [1m[36mTRANSACTION (0.3ms)[0m  [1m[35mCOMMIT[0m
  [1m[36mTRANSACTION (0.1ms)[0m  [1m[35mBEGIN[0m
  [1m[36mCat Create (0.2ms)[0m  [1m[32mINSERT INTO "cats" ("name", "color", "sex", "birth_date", "description", "created_at", "updated_at") VALUES ($1, $2, $3, $4, $5, $6, $7) RETURNING "id"[0m  [["name", "burger"], ["color", "white"], ["sex", "m"], ["birth_date", "2020-01-01"], ["description", "cat found on the tracks"], ["created_at", "2022-11-13 17:13:36.644388"], ["updated_at", "2022-11-13 17:13:36.644388"]]
  [1m[36mTRANSACTION (0.3ms)[0m  [1m[35mCOMMIT[0m
  [1m[36mTRANSACTION (0.1ms)[0m  [1m[35mBEGIN[0m
  [1m[36mCat Create (0.2ms)[0m  [1m[32mINSERT INTO "cats" ("name", "color", "sex", "birth_date", "description", "created_at", "updated_at") VALUES ($1, $2, $3, $4, $5, $6, $7) RETURNING "id"[0m  [["name", "nightmare"], ["color", "black"], ["sex", "M"], ["birth_date", "2020-01-01"], ["description", "cat found under house"], ["created_at", "2022-11-13 17:13:36.647430"], ["updated_at", "2022-11-13 17:13:36.647430"]]
  [1m[36mTRANSACTION (0.3ms)[0m  [1m[35mCOMMIT[0m
  [1m[36mCat Load (0.4ms)[0m  [1m[34mSELECT "cats".* FROM "cats" ORDER BY "cats"."id" DESC LIMIT $1[0m  [["LIMIT", 1]]
  [1m[36mCat Load (0.4ms)[0m  [1m[34mSELECT "cats".* FROM "cats" ORDER BY "cats"."id" DESC LIMIT $1[0m  [["LIMIT", 1]]
Started GET "/" for ::1 at 2022-11-13 09:16:06 -0800
  [1m[36mActiveRecord::SchemaMigration Pluck (0.6ms)[0m  [1m[34mSELECT "schema_migrations"."version" FROM "schema_migrations" ORDER BY "schema_migrations"."version" ASC[0m
Processing by CatsController#index as HTML
Completed 406 Not Acceptable in 5ms (ActiveRecord: 0.0ms | Allocations: 2134)



ActionController::MissingExactTemplate - CatsController#index is missing a template for request formats: text/html:

Started POST "/__better_errors/50500b9e23796a30/variables" for ::1 at 2022-11-13 09:16:08 -0800
  [1m[36mCat Load (1.0ms)[0m  [1m[34mSELECT "cats".* FROM "cats" /* loading for inspect */ LIMIT $1[0m  [["LIMIT", 11]]
  ↳ (eval):72:in `block in render'
Started GET "/cats" for ::1 at 2022-11-13 09:16:29 -0800
Processing by CatsController#index as HTML
Completed 406 Not Acceptable in 1ms (ActiveRecord: 0.0ms | Allocations: 654)



ActionController::MissingExactTemplate - CatsController#index is missing a template for request formats: text/html:

Started POST "/__better_errors/236557e619709d7b/variables" for ::1 at 2022-11-13 09:16:29 -0800
  [1m[36mCat Load (0.5ms)[0m  [1m[34mSELECT "cats".* FROM "cats" /* loading for inspect */ LIMIT $1[0m  [["LIMIT", 11]]
  ↳ (eval):72:in `block in render'
Started GET "/cats" for ::1 at 2022-11-13 09:17:23 -0800
Processing by CatsController#index as HTML
Completed 406 Not Acceptable in 0ms (ActiveRecord: 0.0ms | Allocations: 603)



ActionController::MissingExactTemplate - CatsController#index is missing a template for request formats: text/html:

Started POST "/__better_errors/6f4013b9b22d1d93/variables" for ::1 at 2022-11-13 09:17:24 -0800
Started GET "/cats" for ::1 at 2022-11-13 09:17:24 -0800
Processing by CatsController#index as HTML
Completed 406 Not Acceptable in 1ms (ActiveRecord: 0.0ms | Allocations: 636)



ActionController::MissingExactTemplate - CatsController#index is missing a template for request formats: text/html:

Started POST "/__better_errors/bc7856c31d9e4fe9/variables" for ::1 at 2022-11-13 09:17:24 -0800
Started GET "/cats" for ::1 at 2022-11-13 09:17:24 -0800
Processing by CatsController#index as HTML
Completed 406 Not Acceptable in 1ms (ActiveRecord: 0.0ms | Allocations: 629)



ActionController::MissingExactTemplate - CatsController#index is missing a template for request formats: text/html:

Started POST "/__better_errors/a06c88358989dc17/variables" for ::1 at 2022-11-13 09:17:24 -0800
Started GET "/cats/index" for ::1 at 2022-11-13 09:17:56 -0800
Processing by CatsController#show as HTML
  Parameters: {"id"=>"index"}
Completed 406 Not Acceptable in 1ms (ActiveRecord: 0.0ms | Allocations: 675)



ActionController::MissingExactTemplate - CatsController#show is missing a template for request formats: text/html:

Started POST "/__better_errors/c56ac1ed1c9df0a7/variables" for ::1 at 2022-11-13 09:17:56 -0800
Started GET "/cats/index" for ::1 at 2022-11-13 09:18:47 -0800
Processing by CatsController#show as HTML
  Parameters: {"id"=>"index"}
Completed 406 Not Acceptable in 1ms (ActiveRecord: 0.0ms | Allocations: 749)



ActionController::MissingExactTemplate - CatsController#show is missing a template for request formats: text/html:

Started POST "/__better_errors/2221dcd4d1b8cfa7/variables" for ::1 at 2022-11-13 09:18:47 -0800
Started POST "/__better_errors/2221dcd4d1b8cfa7/variables" for ::1 at 2022-11-13 09:18:58 -0800
Started GET "/cats/index" for ::1 at 2022-11-13 09:19:56 -0800

AbstractController::ActionNotFound - The action 'show' could not be found for CatsController:

Started POST "/__better_errors/e889ccb366a75080/variables" for ::1 at 2022-11-13 09:19:56 -0800
Started GET "/cats/index" for ::1 at 2022-11-13 09:20:33 -0800

AbstractController::ActionNotFound - The action 'show' could not be found for CatsController:

Started POST "/__better_errors/0f72b84b59f95721/variables" for ::1 at 2022-11-13 09:20:33 -0800
Started GET "/cats/" for ::1 at 2022-11-13 09:21:19 -0800
Processing by CatsController#index as HTML
Completed 406 Not Acceptable in 1ms (ActiveRecord: 0.0ms | Allocations: 799)



ActionController::MissingExactTemplate - CatsController#index is missing a template for request formats: text/html:

Started POST "/__better_errors/2ec7a6a6ad8272df/variables" for ::1 at 2022-11-13 09:21:19 -0800
Started GET "/cats/" for ::1 at 2022-11-13 09:25:38 -0800
Processing by CatsController#index as HTML
Completed 406 Not Acceptable in 1ms (Allocations: 772)



ActionController::MissingExactTemplate - CatsController#index is missing a template for request formats: text/html:

Started POST "/__better_errors/4c2acc62027cbc00/variables" for ::1 at 2022-11-13 09:25:38 -0800
Started GET "/cats/" for ::1 at 2022-11-13 09:25:38 -0800
Processing by CatsController#index as HTML
Completed 406 Not Acceptable in 1ms (Allocations: 627)



ActionController::MissingExactTemplate - CatsController#index is missing a template for request formats: text/html:

Started POST "/__better_errors/724814fbc49eea7b/variables" for ::1 at 2022-11-13 09:25:39 -0800
Started GET "/cats/" for ::1 at 2022-11-13 09:25:39 -0800
Processing by CatsController#index as HTML
Completed 406 Not Acceptable in 1ms (Allocations: 629)



ActionController::MissingExactTemplate - CatsController#index is missing a template for request formats: text/html:

Started POST "/__better_errors/5b5e108d23c0e912/variables" for ::1 at 2022-11-13 09:25:39 -0800
Started GET "/cats" for ::1 at 2022-11-13 09:36:16 -0800
  [1m[36mActiveRecord::SchemaMigration Pluck (0.5ms)[0m  [1m[34mSELECT "schema_migrations"."version" FROM "schema_migrations" ORDER BY "schema_migrations"."version" ASC[0m
Processing by CatsController#index as HTML
  Rendering cats/index.html.erb
  Rendered cats/index.html.erb (Duration: 1.7ms | Allocations: 391)
Completed 200 OK in 12ms (Views: 6.5ms | ActiveRecord: 0.0ms | Allocations: 2937)


